2026-01-20 23:34:06,875 - __main__ - INFO - Starting frontend development server...
2026-01-20 23:34:06,875 - __main__ - INFO - Application starting...
2026-01-20 23:34:07,755 - __main__ - INFO - Starting backend server...
2026-01-20 23:35:25,260 - watchfiles.main - INFO - 1 change detected
2026-01-20 23:35:29,720 - watchfiles.main - INFO - 1 change detected
2026-01-20 23:35:30,135 - watchfiles.main - INFO - 1 change detected
2026-01-20 23:35:30,496 - watchfiles.main - INFO - 1 change detected
2026-01-20 23:35:30,862 - watchfiles.main - INFO - 1 change detected
2026-01-20 23:35:31,220 - watchfiles.main - INFO - 1 change detected
2026-01-20 23:35:31,579 - watchfiles.main - INFO - 1 change detected
2026-01-20 23:35:31,945 - watchfiles.main - INFO - 1 change detected
2026-01-20 23:35:32,312 - watchfiles.main - INFO - 1 change detected
2026-01-20 23:35:32,680 - watchfiles.main - INFO - 1 change detected
2026-01-20 23:35:33,095 - watchfiles.main - INFO - 1 change detected
2026-01-20 23:35:33,460 - watchfiles.main - INFO - 1 change detected
2026-01-20 23:35:33,825 - watchfiles.main - INFO - 1 change detected
2026-01-20 23:35:34,181 - watchfiles.main - INFO - 1 change detected
2026-01-20 23:35:34,545 - watchfiles.main - INFO - 1 change detected
2026-01-20 23:35:34,931 - watchfiles.main - INFO - 1 change detected
2026-01-20 23:35:35,396 - watchfiles.main - INFO - 1 change detected
2026-01-20 23:35:35,843 - watchfiles.main - INFO - 1 change detected
2026-01-20 23:35:36,269 - watchfiles.main - INFO - 1 change detected
2026-01-20 23:35:36,666 - watchfiles.main - INFO - 1 change detected
2026-01-20 23:35:37,030 - watchfiles.main - INFO - 1 change detected
2026-01-20 23:35:37,397 - watchfiles.main - INFO - 1 change detected
2026-01-20 23:35:37,754 - watchfiles.main - INFO - 1 change detected
2026-01-20 23:35:38,109 - watchfiles.main - INFO - 1 change detected
2026-01-20 23:35:38,470 - watchfiles.main - INFO - 1 change detected
2026-01-20 23:35:38,828 - watchfiles.main - INFO - 1 change detected
2026-01-20 23:35:39,187 - watchfiles.main - INFO - 1 change detected
2026-01-20 23:35:39,547 - watchfiles.main - INFO - 1 change detected
2026-01-20 23:35:39,921 - watchfiles.main - INFO - 1 change detected
2026-01-20 23:35:40,310 - watchfiles.main - INFO - 1 change detected
2026-01-20 23:35:40,712 - watchfiles.main - INFO - 1 change detected
2026-01-20 23:35:41,101 - watchfiles.main - INFO - 1 change detected
2026-01-20 23:35:41,465 - watchfiles.main - INFO - 1 change detected
2026-01-20 23:35:41,820 - watchfiles.main - INFO - 1 change detected
2026-01-20 23:35:42,187 - watchfiles.main - INFO - 1 change detected
2026-01-20 23:35:42,590 - watchfiles.main - INFO - 1 change detected
2026-01-20 23:35:42,953 - watchfiles.main - INFO - 1 change detected
2026-01-20 23:35:43,305 - watchfiles.main - INFO - 1 change detected
2026-01-20 23:35:43,666 - watchfiles.main - INFO - 1 change detected
2026-01-20 23:35:44,018 - watchfiles.main - INFO - 1 change detected
2026-01-20 23:35:44,381 - watchfiles.main - INFO - 1 change detected
2026-01-20 23:35:44,740 - watchfiles.main - INFO - 1 change detected
2026-01-20 23:35:45,099 - watchfiles.main - INFO - 1 change detected
2026-01-20 23:35:45,462 - watchfiles.main - INFO - 1 change detected
2026-01-20 23:35:45,820 - watchfiles.main - INFO - 1 change detected
2026-01-20 23:35:46,183 - watchfiles.main - INFO - 1 change detected
2026-01-20 23:35:46,547 - watchfiles.main - INFO - 1 change detected
2026-01-20 23:35:46,913 - watchfiles.main - INFO - 1 change detected
2026-01-20 23:35:47,265 - watchfiles.main - INFO - 1 change detected
2026-01-20 23:35:47,618 - watchfiles.main - INFO - 1 change detected
2026-01-20 23:35:47,979 - watchfiles.main - INFO - 1 change detected
2026-01-20 23:35:48,345 - watchfiles.main - INFO - 1 change detected
2026-01-20 23:35:48,709 - watchfiles.main - INFO - 1 change detected
2026-01-20 23:35:49,061 - watchfiles.main - INFO - 1 change detected
2026-01-20 23:35:49,413 - watchfiles.main - INFO - 1 change detected
2026-01-20 23:35:49,765 - watchfiles.main - INFO - 1 change detected
2026-01-20 23:35:50,127 - watchfiles.main - INFO - 1 change detected
2026-01-20 23:35:50,531 - watchfiles.main - INFO - 1 change detected
2026-01-20 23:35:50,937 - watchfiles.main - INFO - 1 change detected
2026-01-20 23:35:51,348 - watchfiles.main - INFO - 1 change detected
2026-01-20 23:35:51,755 - watchfiles.main - INFO - 1 change detected
2026-01-20 23:35:52,162 - watchfiles.main - INFO - 1 change detected
2026-01-20 23:35:52,515 - watchfiles.main - INFO - 1 change detected
2026-01-20 23:35:53,368 - watchfiles.main - INFO - 1 change detected
2026-01-20 23:35:53,727 - watchfiles.main - INFO - 1 change detected
2026-01-20 23:35:54,087 - watchfiles.main - INFO - 1 change detected
2026-01-20 23:35:54,496 - watchfiles.main - INFO - 1 change detected
2026-01-20 23:35:54,918 - watchfiles.main - INFO - 1 change detected
2026-01-20 23:35:55,329 - watchfiles.main - INFO - 1 change detected
2026-01-20 23:35:55,741 - watchfiles.main - INFO - 1 change detected
2026-01-20 23:35:56,153 - watchfiles.main - INFO - 1 change detected
2026-01-20 23:35:56,558 - watchfiles.main - INFO - 1 change detected
2026-01-20 23:35:56,964 - watchfiles.main - INFO - 1 change detected
2026-01-20 23:35:57,377 - watchfiles.main - INFO - 1 change detected
2026-01-20 23:35:57,740 - watchfiles.main - INFO - 1 change detected
2026-01-20 23:35:58,147 - watchfiles.main - INFO - 1 change detected
2026-01-20 23:35:58,553 - watchfiles.main - INFO - 1 change detected
2026-01-20 23:35:58,957 - watchfiles.main - INFO - 1 change detected
2026-01-20 23:35:59,314 - watchfiles.main - INFO - 1 change detected
2026-01-20 23:35:59,718 - watchfiles.main - INFO - 1 change detected
2026-01-20 23:36:00,122 - watchfiles.main - INFO - 1 change detected
2026-01-20 23:36:00,580 - watchfiles.main - INFO - 1 change detected
2026-01-20 23:36:00,985 - watchfiles.main - INFO - 1 change detected
2026-01-20 23:36:01,350 - watchfiles.main - INFO - 1 change detected
2026-01-20 23:36:01,706 - watchfiles.main - INFO - 1 change detected
2026-01-20 23:36:02,067 - watchfiles.main - INFO - 1 change detected
2026-01-20 23:36:02,428 - watchfiles.main - INFO - 1 change detected
2026-01-20 23:36:02,787 - watchfiles.main - INFO - 1 change detected
2026-01-20 23:36:03,142 - watchfiles.main - INFO - 1 change detected
2026-01-20 23:36:03,507 - watchfiles.main - INFO - 1 change detected
2026-01-20 23:36:03,861 - watchfiles.main - INFO - 1 change detected
2026-01-20 23:36:04,226 - watchfiles.main - INFO - 1 change detected
2026-01-20 23:36:04,580 - watchfiles.main - INFO - 1 change detected
2026-01-20 23:36:04,996 - watchfiles.main - INFO - 1 change detected
2026-01-20 23:36:05,410 - watchfiles.main - INFO - 1 change detected
2026-01-20 23:36:05,829 - watchfiles.main - INFO - 1 change detected
2026-01-20 23:36:06,120 - __main__ - INFO - Starting frontend development server...
2026-01-20 23:36:06,135 - __main__ - INFO - Application starting...
2026-01-20 23:36:06,196 - watchfiles.main - INFO - 1 change detected
2026-01-20 23:36:06,560 - watchfiles.main - INFO - 1 change detected
2026-01-20 23:36:06,925 - watchfiles.main - INFO - 1 change detected
2026-01-20 23:36:07,279 - watchfiles.main - INFO - 1 change detected
2026-01-20 23:36:07,645 - watchfiles.main - INFO - 1 change detected
2026-01-20 23:36:08,010 - watchfiles.main - INFO - 1 change detected
2026-01-20 23:36:08,327 - watchfiles.main - INFO - 1 change detected
2026-01-20 23:36:08,377 - watchfiles.main - INFO - 1 change detected
2026-01-20 23:36:08,695 - watchfiles.main - INFO - 1 change detected
2026-01-20 23:36:08,729 - watchfiles.main - INFO - 1 change detected
2026-01-20 23:36:09,095 - watchfiles.main - INFO - 1 change detected
2026-01-20 23:36:09,108 - watchfiles.main - INFO - 1 change detected
2026-01-20 23:36:09,459 - watchfiles.main - INFO - 5 changes detected
2026-01-20 23:36:09,460 - watchfiles.main - INFO - 5 changes detected
2026-01-20 23:36:09,818 - watchfiles.main - INFO - 1 change detected
2026-01-20 23:36:09,827 - watchfiles.main - INFO - 1 change detected
2026-01-20 23:36:10,175 - watchfiles.main - INFO - 1 change detected
2026-01-20 23:36:10,190 - watchfiles.main - INFO - 1 change detected
2026-01-20 23:36:10,592 - watchfiles.main - INFO - 1 change detected
2026-01-20 23:36:10,598 - watchfiles.main - INFO - 1 change detected
2026-01-20 23:36:10,995 - watchfiles.main - INFO - 1 change detected
2026-01-20 23:36:11,014 - watchfiles.main - INFO - 1 change detected
2026-01-20 23:36:11,381 - watchfiles.main - INFO - 1 change detected
2026-01-20 23:36:11,399 - watchfiles.main - INFO - 1 change detected
2026-01-20 23:36:11,806 - watchfiles.main - INFO - 1 change detected
2026-01-20 23:36:12,230 - watchfiles.main - INFO - 1 change detected
2026-01-20 23:36:12,230 - watchfiles.main - INFO - 1 change detected
2026-01-20 23:36:12,590 - watchfiles.main - INFO - 1 change detected
2026-01-20 23:36:12,590 - watchfiles.main - INFO - 1 change detected
2026-01-20 23:36:13,007 - watchfiles.main - INFO - 1 change detected
2026-01-20 23:36:13,042 - watchfiles.main - INFO - 1 change detected
2026-01-20 23:36:13,415 - watchfiles.main - INFO - 1 change detected
2026-01-20 23:36:13,457 - watchfiles.main - INFO - 1 change detected
2026-01-20 23:36:13,811 - watchfiles.main - INFO - 1 change detected
2026-01-20 23:36:13,829 - watchfiles.main - INFO - 1 change detected
2026-01-20 23:36:14,217 - watchfiles.main - INFO - 1 change detected
2026-01-20 23:36:14,244 - watchfiles.main - INFO - 1 change detected
2026-01-20 23:36:14,622 - watchfiles.main - INFO - 1 change detected
2026-01-20 23:36:14,659 - watchfiles.main - INFO - 1 change detected
2026-01-20 23:36:14,978 - watchfiles.main - INFO - 1 change detected
2026-01-20 23:36:15,064 - watchfiles.main - INFO - 1 change detected
2026-01-20 23:36:15,335 - watchfiles.main - INFO - 1 change detected
2026-01-20 23:36:15,470 - watchfiles.main - INFO - 1 change detected
2026-01-20 23:36:15,703 - watchfiles.main - INFO - 1 change detected
2026-01-20 23:36:15,878 - watchfiles.main - INFO - 1 change detected
2026-01-20 23:36:16,060 - watchfiles.main - INFO - 1 change detected
2026-01-20 23:36:16,288 - watchfiles.main - INFO - 1 change detected
2026-01-20 23:36:16,420 - watchfiles.main - INFO - 1 change detected
2026-01-20 23:36:16,699 - watchfiles.main - INFO - 1 change detected
2026-01-20 23:36:16,773 - watchfiles.main - INFO - 1 change detected
2026-01-20 23:36:17,051 - watchfiles.main - INFO - 1 change detected
2026-01-20 23:36:17,131 - watchfiles.main - INFO - 1 change detected
2026-01-20 23:36:17,466 - watchfiles.main - INFO - 1 change detected
2026-01-20 23:36:17,495 - watchfiles.main - INFO - 1 change detected
2026-01-20 23:36:17,861 - watchfiles.main - INFO - 1 change detected
2026-01-20 23:36:17,879 - watchfiles.main - INFO - 1 change detected
2026-01-20 23:36:18,269 - watchfiles.main - INFO - 1 change detected
2026-01-20 23:36:18,284 - watchfiles.main - INFO - 1 change detected
2026-01-20 23:36:18,684 - watchfiles.main - INFO - 1 change detected
2026-01-20 23:36:18,698 - watchfiles.main - INFO - 1 change detected
2026-01-20 23:36:19,094 - watchfiles.main - INFO - 1 change detected
2026-01-20 23:36:19,112 - watchfiles.main - INFO - 1 change detected
2026-01-20 23:36:19,503 - watchfiles.main - INFO - 1 change detected
2026-01-20 23:36:19,519 - watchfiles.main - INFO - 1 change detected
2026-01-20 23:36:19,877 - watchfiles.main - INFO - 1 change detected
2026-01-20 23:36:19,906 - watchfiles.main - INFO - 1 change detected
2026-01-20 23:36:20,284 - watchfiles.main - INFO - 1 change detected
2026-01-20 23:36:20,321 - watchfiles.main - INFO - 1 change detected
2026-01-20 23:36:20,675 - watchfiles.main - INFO - 1 change detected
2026-01-20 23:36:20,687 - watchfiles.main - INFO - 1 change detected
2026-01-20 23:36:21,083 - watchfiles.main - INFO - 1 change detected
2026-01-20 23:36:21,099 - watchfiles.main - INFO - 1 change detected
2026-01-20 23:36:21,462 - watchfiles.main - INFO - 1 change detected
2026-01-20 23:36:21,495 - watchfiles.main - INFO - 1 change detected
2026-01-20 23:36:22,070 - watchfiles.main - INFO - 1 change detected
2026-01-20 23:36:22,102 - watchfiles.main - INFO - 1 change detected
2026-01-20 23:36:22,429 - watchfiles.main - INFO - 1 change detected
2026-01-20 23:36:22,461 - watchfiles.main - INFO - 1 change detected
2026-01-20 23:36:22,794 - watchfiles.main - INFO - 1 change detected
2026-01-20 23:36:22,815 - watchfiles.main - INFO - 1 change detected
2026-01-20 23:36:23,162 - watchfiles.main - INFO - 1 change detected
2026-01-20 23:36:23,177 - watchfiles.main - INFO - 1 change detected
2026-01-20 23:36:23,531 - watchfiles.main - INFO - 1 change detected
2026-01-20 23:36:23,531 - watchfiles.main - INFO - 1 change detected
2026-01-20 23:36:23,997 - watchfiles.main - INFO - 1 change detected
2026-01-20 23:36:23,997 - watchfiles.main - INFO - 1 change detected
2026-01-20 23:36:24,413 - watchfiles.main - INFO - 1 change detected
2026-01-20 23:36:24,413 - watchfiles.main - INFO - 1 change detected
2026-01-20 23:36:24,829 - watchfiles.main - INFO - 1 change detected
2026-01-20 23:36:24,829 - watchfiles.main - INFO - 1 change detected
2026-01-20 23:36:25,243 - watchfiles.main - INFO - 1 change detected
2026-01-20 23:36:25,243 - watchfiles.main - INFO - 1 change detected
2026-01-20 23:36:25,650 - watchfiles.main - INFO - 1 change detected
2026-01-20 23:36:25,650 - watchfiles.main - INFO - 1 change detected
2026-01-20 23:36:26,055 - watchfiles.main - INFO - 1 change detected
2026-01-20 23:36:26,056 - watchfiles.main - INFO - 1 change detected
2026-01-20 23:36:26,465 - watchfiles.main - INFO - 1 change detected
2026-01-20 23:36:26,465 - watchfiles.main - INFO - 1 change detected
2026-01-20 23:36:26,875 - watchfiles.main - INFO - 1 change detected
2026-01-20 23:36:26,875 - watchfiles.main - INFO - 1 change detected
2026-01-20 23:36:27,278 - watchfiles.main - INFO - 1 change detected
2026-01-20 23:36:27,292 - watchfiles.main - INFO - 1 change detected
2026-01-20 23:36:27,679 - watchfiles.main - INFO - 1 change detected
2026-01-20 23:36:27,695 - watchfiles.main - INFO - 1 change detected
2026-01-20 23:36:28,196 - watchfiles.main - INFO - 1 change detected
2026-01-20 23:36:28,212 - watchfiles.main - INFO - 1 change detected
2026-01-20 23:36:28,526 - __main__ - ERROR - ::1 - - [20/Jan/2026 23:36:28] "GET / HTTP/1.1" 200 -
2026-01-20 23:36:28,623 - watchfiles.main - INFO - 1 change detected
2026-01-20 23:36:28,634 - watchfiles.main - INFO - 1 change detected
2026-01-20 23:36:28,772 - __main__ - ERROR - ::1 - - [20/Jan/2026 23:36:28] "GET /style.css HTTP/1.1" 200 -
2026-01-20 23:36:28,915 - __main__ - ERROR - ::1 - - [20/Jan/2026 23:36:28] "GET /app.js HTTP/1.1" 200 -
2026-01-20 23:36:29,025 - __main__ - ERROR - ::1 - - [20/Jan/2026 23:36:29] "GET /app.js HTTP/1.1" 200 -
2026-01-20 23:36:29,043 - watchfiles.main - INFO - 1 change detected
2026-01-20 23:36:29,043 - watchfiles.main - INFO - 1 change detected
2026-01-20 23:36:29,467 - watchfiles.main - INFO - 1 change detected
2026-01-20 23:36:29,464 - watchfiles.main - INFO - 1 change detected
2026-01-20 23:36:29,580 - __main__ - ERROR - ::1 - - [20/Jan/2026 23:36:29] code 404, message File not found
2026-01-20 23:36:29,580 - __main__ - ERROR - ::1 - - [20/Jan/2026 23:36:29] "GET /favicon.ico HTTP/1.1" 404 -
2026-01-20 23:36:29,884 - watchfiles.main - INFO - 1 change detected
2026-01-20 23:36:29,884 - watchfiles.main - INFO - 1 change detected
2026-01-20 23:36:30,288 - watchfiles.main - INFO - 1 change detected
2026-01-20 23:36:30,288 - watchfiles.main - INFO - 1 change detected
2026-01-20 23:36:30,744 - watchfiles.main - INFO - 1 change detected
2026-01-20 23:36:30,744 - watchfiles.main - INFO - 1 change detected
2026-01-20 23:36:31,107 - watchfiles.main - INFO - 1 change detected
2026-01-20 23:36:31,107 - watchfiles.main - INFO - 1 change detected
2026-01-20 23:36:31,509 - watchfiles.main - INFO - 1 change detected
2026-01-20 23:36:31,509 - watchfiles.main - INFO - 1 change detected
2026-01-20 23:36:31,918 - watchfiles.main - INFO - 1 change detected
2026-01-20 23:36:31,918 - watchfiles.main - INFO - 1 change detected
2026-01-20 23:36:32,330 - watchfiles.main - INFO - 1 change detected
2026-01-20 23:36:32,330 - watchfiles.main - INFO - 1 change detected
2026-01-20 23:36:32,750 - watchfiles.main - INFO - 1 change detected
2026-01-20 23:36:32,750 - watchfiles.main - INFO - 1 change detected
2026-01-20 23:36:33,166 - watchfiles.main - INFO - 1 change detected
2026-01-20 23:36:33,166 - watchfiles.main - INFO - 1 change detected
2026-01-20 23:36:33,575 - watchfiles.main - INFO - 1 change detected
2026-01-20 23:36:33,574 - watchfiles.main - INFO - 1 change detected
2026-01-20 23:36:33,989 - watchfiles.main - INFO - 1 change detected
2026-01-20 23:36:33,989 - watchfiles.main - INFO - 1 change detected
2026-01-20 23:36:34,405 - watchfiles.main - INFO - 1 change detected
2026-01-20 23:36:34,405 - watchfiles.main - INFO - 1 change detected
2026-01-20 23:36:34,808 - watchfiles.main - INFO - 1 change detected
2026-01-20 23:36:34,808 - watchfiles.main - INFO - 1 change detected
2026-01-20 23:36:35,217 - watchfiles.main - INFO - 1 change detected
2026-01-20 23:36:35,217 - watchfiles.main - INFO - 1 change detected
2026-01-20 23:36:35,632 - watchfiles.main - INFO - 1 change detected
2026-01-20 23:36:35,632 - watchfiles.main - INFO - 1 change detected
2026-01-20 23:36:36,016 - watchfiles.main - INFO - 1 change detected
2026-01-20 23:36:36,016 - watchfiles.main - INFO - 1 change detected
2026-01-20 23:36:36,472 - watchfiles.main - INFO - 1 change detected
2026-01-20 23:36:36,472 - watchfiles.main - INFO - 1 change detected
2026-01-20 23:36:36,832 - watchfiles.main - INFO - 1 change detected
2026-01-20 23:36:36,832 - watchfiles.main - INFO - 1 change detected
2026-01-20 23:36:37,236 - watchfiles.main - INFO - 1 change detected
2026-01-20 23:36:37,237 - watchfiles.main - INFO - 1 change detected
2026-01-20 23:36:37,653 - watchfiles.main - INFO - 1 change detected
2026-01-20 23:36:37,653 - watchfiles.main - INFO - 1 change detected
2026-01-20 23:36:38,059 - watchfiles.main - INFO - 1 change detected
2026-01-20 23:36:38,059 - watchfiles.main - INFO - 1 change detected
2026-01-20 23:36:38,476 - watchfiles.main - INFO - 1 change detected
2026-01-20 23:36:38,476 - watchfiles.main - INFO - 1 change detected
2026-01-20 23:36:38,878 - watchfiles.main - INFO - 1 change detected
2026-01-20 23:36:38,878 - watchfiles.main - INFO - 1 change detected
2026-01-20 23:36:39,284 - watchfiles.main - INFO - 1 change detected
2026-01-20 23:36:39,286 - watchfiles.main - INFO - 1 change detected
2026-01-20 23:36:39,725 - watchfiles.main - INFO - 1 change detected
2026-01-20 23:36:39,725 - watchfiles.main - INFO - 1 change detected
2026-01-20 23:36:40,186 - watchfiles.main - INFO - 1 change detected
2026-01-20 23:36:40,208 - watchfiles.main - INFO - 1 change detected
2026-01-20 23:36:40,656 - watchfiles.main - INFO - 1 change detected
2026-01-20 23:36:40,674 - watchfiles.main - INFO - 1 change detected
2026-01-20 23:36:41,061 - watchfiles.main - INFO - 1 change detected
2026-01-20 23:36:41,076 - watchfiles.main - INFO - 1 change detected
2026-01-20 23:36:41,445 - watchfiles.main - INFO - 1 change detected
2026-01-20 23:36:41,480 - watchfiles.main - INFO - 1 change detected
2026-01-20 23:36:41,849 - watchfiles.main - INFO - 1 change detected
2026-01-20 23:36:41,885 - watchfiles.main - INFO - 1 change detected
2026-01-20 23:36:42,292 - watchfiles.main - INFO - 1 change detected
2026-01-20 23:36:42,308 - watchfiles.main - INFO - 1 change detected
2026-01-20 23:36:42,708 - watchfiles.main - INFO - 1 change detected
2026-01-20 23:36:42,755 - watchfiles.main - INFO - 1 change detected
2026-01-20 23:36:43,156 - watchfiles.main - INFO - 1 change detected
2026-01-20 23:36:43,155 - watchfiles.main - INFO - 1 change detected
2026-01-20 23:36:43,617 - watchfiles.main - INFO - 1 change detected
2026-01-20 23:36:43,630 - watchfiles.main - INFO - 1 change detected
2026-01-20 23:36:43,997 - watchfiles.main - INFO - 1 change detected
2026-01-20 23:36:44,019 - watchfiles.main - INFO - 1 change detected
2026-01-20 23:36:44,412 - watchfiles.main - INFO - 1 change detected
2026-01-20 23:36:44,429 - watchfiles.main - INFO - 1 change detected
2026-01-20 23:36:44,815 - watchfiles.main - INFO - 1 change detected
2026-01-20 23:36:44,847 - watchfiles.main - INFO - 1 change detected
2026-01-20 23:36:45,211 - watchfiles.main - INFO - 1 change detected
2026-01-20 23:36:45,224 - watchfiles.main - INFO - 1 change detected
2026-01-20 23:36:45,631 - watchfiles.main - INFO - 1 change detected
2026-01-20 23:36:45,631 - watchfiles.main - INFO - 1 change detected
2026-01-20 23:36:46,040 - watchfiles.main - INFO - 1 change detected
2026-01-20 23:36:46,040 - watchfiles.main - INFO - 1 change detected
2026-01-20 23:36:46,445 - watchfiles.main - INFO - 1 change detected
2026-01-20 23:36:46,445 - watchfiles.main - INFO - 1 change detected
2026-01-20 23:36:46,887 - watchfiles.main - INFO - 1 change detected
2026-01-20 23:36:46,887 - watchfiles.main - INFO - 1 change detected
2026-01-20 23:36:47,253 - watchfiles.main - INFO - 1 change detected
2026-01-20 23:36:47,253 - watchfiles.main - INFO - 1 change detected
2026-01-20 23:36:47,657 - watchfiles.main - INFO - 1 change detected
2026-01-20 23:36:47,672 - watchfiles.main - INFO - 1 change detected
2026-01-20 23:36:48,078 - watchfiles.main - INFO - 1 change detected
2026-01-20 23:36:48,112 - watchfiles.main - INFO - 1 change detected
2026-01-20 23:36:48,470 - watchfiles.main - INFO - 1 change detected
2026-01-20 23:36:48,487 - watchfiles.main - INFO - 1 change detected
2026-01-20 23:36:48,884 - watchfiles.main - INFO - 1 change detected
2026-01-20 23:36:48,899 - watchfiles.main - INFO - 1 change detected
2026-01-20 23:36:49,276 - watchfiles.main - INFO - 1 change detected
2026-01-20 23:36:49,276 - watchfiles.main - INFO - 1 change detected
2026-01-20 23:36:49,681 - watchfiles.main - INFO - 1 change detected
2026-01-20 23:36:49,681 - watchfiles.main - INFO - 1 change detected
2026-01-20 23:36:50,093 - watchfiles.main - INFO - 1 change detected
2026-01-20 23:36:50,095 - watchfiles.main - INFO - 1 change detected
2026-01-20 23:36:50,497 - watchfiles.main - INFO - 1 change detected
2026-01-20 23:36:50,497 - watchfiles.main - INFO - 1 change detected
2026-01-20 23:36:50,913 - watchfiles.main - INFO - 1 change detected
2026-01-20 23:36:50,913 - watchfiles.main - INFO - 1 change detected
2026-01-20 23:36:51,370 - watchfiles.main - INFO - 1 change detected
2026-01-20 23:36:51,370 - watchfiles.main - INFO - 1 change detected
2026-01-20 23:36:51,783 - watchfiles.main - INFO - 1 change detected
2026-01-20 23:36:51,783 - watchfiles.main - INFO - 1 change detected
2026-01-20 23:36:52,149 - watchfiles.main - INFO - 1 change detected
2026-01-20 23:36:52,149 - watchfiles.main - INFO - 1 change detected
2026-01-20 23:36:52,561 - watchfiles.main - INFO - 1 change detected
2026-01-20 23:36:52,561 - watchfiles.main - INFO - 1 change detected
2026-01-20 23:36:52,968 - watchfiles.main - INFO - 1 change detected
2026-01-20 23:36:52,968 - watchfiles.main - INFO - 1 change detected
2026-01-20 23:36:53,383 - watchfiles.main - INFO - 1 change detected
2026-01-20 23:36:53,383 - watchfiles.main - INFO - 1 change detected
2026-01-20 23:36:53,795 - watchfiles.main - INFO - 1 change detected
2026-01-20 23:36:53,795 - watchfiles.main - INFO - 1 change detected
2026-01-20 23:36:54,212 - watchfiles.main - INFO - 1 change detected
2026-01-20 23:36:54,212 - watchfiles.main - INFO - 1 change detected
2026-01-20 23:36:54,617 - watchfiles.main - INFO - 1 change detected
2026-01-20 23:36:54,617 - watchfiles.main - INFO - 1 change detected
2026-01-20 23:36:55,030 - watchfiles.main - INFO - 1 change detected
2026-01-20 23:36:55,030 - watchfiles.main - INFO - 1 change detected
2026-01-20 23:36:55,432 - watchfiles.main - INFO - 1 change detected
2026-01-20 23:36:55,437 - watchfiles.main - INFO - 1 change detected
2026-01-20 23:36:55,791 - watchfiles.main - INFO - 1 change detected
2026-01-20 23:36:55,836 - watchfiles.main - INFO - 1 change detected
2026-01-20 23:36:56,195 - watchfiles.main - INFO - 1 change detected
2026-01-20 23:36:56,196 - watchfiles.main - INFO - 1 change detected
2026-01-20 23:36:56,603 - watchfiles.main - INFO - 1 change detected
2026-01-20 23:36:56,603 - watchfiles.main - INFO - 1 change detected
2026-01-20 23:36:57,011 - watchfiles.main - INFO - 1 change detected
2026-01-20 23:36:57,011 - watchfiles.main - INFO - 1 change detected
2026-01-20 23:36:57,429 - watchfiles.main - INFO - 1 change detected
2026-01-20 23:36:57,429 - watchfiles.main - INFO - 1 change detected
2026-01-20 23:36:57,832 - watchfiles.main - INFO - 1 change detected
2026-01-20 23:36:57,832 - watchfiles.main - INFO - 1 change detected
2026-01-20 23:36:58,242 - watchfiles.main - INFO - 1 change detected
2026-01-20 23:36:58,242 - watchfiles.main - INFO - 1 change detected
2026-01-20 23:36:58,695 - watchfiles.main - INFO - 1 change detected
2026-01-20 23:36:58,695 - watchfiles.main - INFO - 1 change detected
2026-01-20 23:36:59,051 - watchfiles.main - INFO - 1 change detected
2026-01-20 23:36:59,497 - watchfiles.main - INFO - 1 change detected
2026-01-20 23:36:59,497 - watchfiles.main - INFO - 1 change detected
2026-01-20 23:36:59,848 - watchfiles.main - INFO - 1 change detected
2026-01-20 23:36:59,849 - watchfiles.main - INFO - 1 change detected
2026-01-20 23:37:00,211 - watchfiles.main - INFO - 1 change detected
2026-01-20 23:37:00,211 - watchfiles.main - INFO - 1 change detected
2026-01-20 23:37:00,578 - watchfiles.main - INFO - 1 change detected
2026-01-20 23:37:00,578 - watchfiles.main - INFO - 1 change detected
2026-01-20 23:37:00,945 - watchfiles.main - INFO - 1 change detected
2026-01-20 23:37:00,945 - watchfiles.main - INFO - 1 change detected
2026-01-20 23:37:01,297 - watchfiles.main - INFO - 1 change detected
2026-01-20 23:37:01,297 - watchfiles.main - INFO - 1 change detected
2026-01-20 23:37:01,662 - watchfiles.main - INFO - 1 change detected
2026-01-20 23:37:01,662 - watchfiles.main - INFO - 1 change detected
2026-01-20 23:37:02,014 - watchfiles.main - INFO - 1 change detected
2026-01-20 23:37:02,014 - watchfiles.main - INFO - 1 change detected
2026-01-20 23:37:02,427 - watchfiles.main - INFO - 1 change detected
2026-01-20 23:37:02,427 - watchfiles.main - INFO - 1 change detected
2026-01-20 23:37:02,842 - watchfiles.main - INFO - 1 change detected
2026-01-20 23:37:02,842 - watchfiles.main - INFO - 1 change detected
2026-01-20 23:37:03,209 - watchfiles.main - INFO - 1 change detected
2026-01-20 23:37:03,244 - watchfiles.main - INFO - 1 change detected
2026-01-20 23:37:03,611 - watchfiles.main - INFO - 1 change detected
2026-01-20 23:37:03,627 - watchfiles.main - INFO - 1 change detected
2026-01-20 23:37:04,016 - watchfiles.main - INFO - 1 change detected
2026-01-20 23:37:04,043 - watchfiles.main - INFO - 1 change detected
2026-01-20 23:37:04,410 - watchfiles.main - INFO - 1 change detected
2026-01-20 23:37:04,429 - watchfiles.main - INFO - 1 change detected
2026-01-20 23:37:04,820 - watchfiles.main - INFO - 1 change detected
2026-01-20 23:37:04,834 - watchfiles.main - INFO - 1 change detected
2026-01-20 23:37:05,224 - watchfiles.main - INFO - 1 change detected
2026-01-20 23:37:05,245 - watchfiles.main - INFO - 1 change detected
2026-01-20 23:37:05,611 - watchfiles.main - INFO - 1 change detected
2026-01-20 23:37:05,627 - watchfiles.main - INFO - 1 change detected
2026-01-20 23:37:06,018 - watchfiles.main - INFO - 1 change detected
2026-01-20 23:37:06,033 - watchfiles.main - INFO - 1 change detected
2026-01-20 23:37:06,423 - watchfiles.main - INFO - 1 change detected
2026-01-20 23:37:06,439 - watchfiles.main - INFO - 1 change detected
2026-01-20 23:37:06,826 - watchfiles.main - INFO - 1 change detected
2026-01-20 23:37:06,841 - watchfiles.main - INFO - 1 change detected
2026-01-20 23:37:07,201 - watchfiles.main - INFO - 1 change detected
2026-01-20 23:37:07,235 - watchfiles.main - INFO - 1 change detected
2026-01-20 23:37:07,609 - watchfiles.main - INFO - 1 change detected
2026-01-20 23:37:07,641 - watchfiles.main - INFO - 1 change detected
2026-01-20 23:37:08,050 - watchfiles.main - INFO - 1 change detected
2026-01-20 23:37:08,070 - watchfiles.main - INFO - 1 change detected
2026-01-20 23:37:08,463 - watchfiles.main - INFO - 1 change detected
2026-01-20 23:37:08,479 - watchfiles.main - INFO - 1 change detected
2026-01-20 23:37:08,866 - watchfiles.main - INFO - 1 change detected
2026-01-20 23:37:08,882 - watchfiles.main - INFO - 1 change detected
2026-01-20 23:37:09,250 - watchfiles.main - INFO - 1 change detected
2026-01-20 23:37:09,269 - watchfiles.main - INFO - 1 change detected
2026-01-20 23:37:09,656 - watchfiles.main - INFO - 1 change detected
2026-01-20 23:37:09,672 - watchfiles.main - INFO - 1 change detected
2026-01-20 23:37:10,064 - watchfiles.main - INFO - 1 change detected
2026-01-20 23:37:10,090 - watchfiles.main - INFO - 1 change detected
2026-01-20 23:37:10,482 - watchfiles.main - INFO - 1 change detected
2026-01-20 23:37:10,498 - watchfiles.main - INFO - 1 change detected
2026-01-20 23:37:10,905 - watchfiles.main - INFO - 1 change detected
2026-01-20 23:37:10,938 - watchfiles.main - INFO - 1 change detected
2026-01-20 23:37:11,323 - watchfiles.main - INFO - 1 change detected
2026-01-20 23:37:11,352 - watchfiles.main - INFO - 1 change detected
2026-01-20 23:37:11,739 - watchfiles.main - INFO - 1 change detected
2026-01-20 23:37:11,759 - watchfiles.main - INFO - 1 change detected
2026-01-20 23:37:12,156 - watchfiles.main - INFO - 1 change detected
2026-01-20 23:37:12,172 - watchfiles.main - INFO - 1 change detected
2026-01-20 23:37:12,573 - watchfiles.main - INFO - 1 change detected
2026-01-20 23:37:12,590 - watchfiles.main - INFO - 1 change detected
2026-01-20 23:37:13,026 - watchfiles.main - INFO - 1 change detected
2026-01-20 23:37:13,052 - watchfiles.main - INFO - 1 change detected
2026-01-20 23:37:13,417 - watchfiles.main - INFO - 1 change detected
2026-01-20 23:37:13,433 - watchfiles.main - INFO - 1 change detected
2026-01-20 23:37:13,837 - watchfiles.main - INFO - 1 change detected
2026-01-20 23:37:13,837 - watchfiles.main - INFO - 1 change detected
2026-01-20 23:37:14,253 - watchfiles.main - INFO - 1 change detected
2026-01-20 23:37:14,253 - watchfiles.main - INFO - 1 change detected
2026-01-20 23:37:14,868 - watchfiles.main - INFO - 1 change detected
2026-01-20 23:37:14,868 - watchfiles.main - INFO - 1 change detected
2026-01-20 23:37:15,332 - watchfiles.main - INFO - 1 change detected
2026-01-20 23:37:15,332 - watchfiles.main - INFO - 1 change detected
2026-01-20 23:37:15,749 - watchfiles.main - INFO - 1 change detected
2026-01-20 23:37:15,749 - watchfiles.main - INFO - 1 change detected
2026-01-20 23:37:16,167 - watchfiles.main - INFO - 1 change detected
2026-01-20 23:37:16,167 - watchfiles.main - INFO - 1 change detected
2026-01-20 23:37:16,586 - watchfiles.main - INFO - 1 change detected
2026-01-20 23:37:16,586 - watchfiles.main - INFO - 1 change detected
2026-01-20 23:37:16,989 - watchfiles.main - INFO - 1 change detected
2026-01-20 23:37:16,989 - watchfiles.main - INFO - 1 change detected
2026-01-20 23:37:17,402 - watchfiles.main - INFO - 1 change detected
2026-01-20 23:37:17,402 - watchfiles.main - INFO - 1 change detected
2026-01-20 23:37:17,763 - watchfiles.main - INFO - 1 change detected
2026-01-20 23:37:17,763 - watchfiles.main - INFO - 1 change detected
2026-01-20 23:37:18,132 - watchfiles.main - INFO - 1 change detected
2026-01-20 23:37:18,132 - watchfiles.main - INFO - 1 change detected
2026-01-20 23:37:18,500 - watchfiles.main - INFO - 1 change detected
2026-01-20 23:37:18,499 - watchfiles.main - INFO - 1 change detected
2026-01-20 23:37:18,911 - watchfiles.main - INFO - 1 change detected
2026-01-20 23:37:18,911 - watchfiles.main - INFO - 1 change detected
2026-01-20 23:37:19,526 - watchfiles.main - INFO - 1 change detected
2026-01-20 23:37:19,526 - watchfiles.main - INFO - 1 change detected
2026-01-20 23:37:19,890 - watchfiles.main - INFO - 1 change detected
2026-01-20 23:37:19,890 - watchfiles.main - INFO - 1 change detected
2026-01-20 23:37:20,302 - watchfiles.main - INFO - 1 change detected
2026-01-20 23:37:20,302 - watchfiles.main - INFO - 1 change detected
2026-01-20 23:37:20,683 - watchfiles.main - INFO - 1 change detected
2026-01-20 23:37:20,716 - watchfiles.main - INFO - 1 change detected
2026-01-20 23:37:21,160 - watchfiles.main - INFO - 1 change detected
2026-01-20 23:37:21,170 - watchfiles.main - INFO - 1 change detected
2026-01-20 23:37:21,526 - watchfiles.main - INFO - 1 change detected
2026-01-20 23:37:21,526 - watchfiles.main - INFO - 1 change detected
2026-01-20 23:37:21,931 - watchfiles.main - INFO - 1 change detected
2026-01-20 23:37:21,931 - watchfiles.main - INFO - 1 change detected
2026-01-20 23:37:22,343 - watchfiles.main - INFO - 1 change detected
2026-01-20 23:37:22,343 - watchfiles.main - INFO - 1 change detected
2026-01-20 23:37:22,746 - watchfiles.main - INFO - 1 change detected
2026-01-20 23:37:22,762 - watchfiles.main - INFO - 1 change detected
2026-01-20 23:37:23,154 - watchfiles.main - INFO - 1 change detected
2026-01-20 23:37:23,170 - watchfiles.main - INFO - 1 change detected
2026-01-20 23:37:23,566 - watchfiles.main - INFO - 1 change detected
2026-01-20 23:37:23,578 - watchfiles.main - INFO - 1 change detected
2026-01-20 23:37:23,976 - watchfiles.main - INFO - 1 change detected
2026-01-20 23:37:23,993 - watchfiles.main - INFO - 1 change detected
2026-01-20 23:37:24,391 - watchfiles.main - INFO - 1 change detected
2026-01-20 23:37:24,407 - watchfiles.main - INFO - 1 change detected
2026-01-20 23:37:24,761 - watchfiles.main - INFO - 1 change detected
2026-01-20 23:37:24,802 - watchfiles.main - INFO - 1 change detected
2026-01-20 23:37:25,195 - watchfiles.main - INFO - 1 change detected
2026-01-20 23:37:25,208 - watchfiles.main - INFO - 1 change detected
2026-01-20 23:37:25,606 - watchfiles.main - INFO - 1 change detected
2026-01-20 23:37:25,625 - watchfiles.main - INFO - 1 change detected
2026-01-20 23:37:26,011 - watchfiles.main - INFO - 1 change detected
2026-01-20 23:37:26,043 - watchfiles.main - INFO - 1 change detected
2026-01-20 23:37:26,410 - watchfiles.main - INFO - 1 change detected
2026-01-20 23:37:26,426 - watchfiles.main - INFO - 1 change detected
2026-01-20 23:37:26,847 - watchfiles.main - INFO - 1 change detected
2026-01-20 23:37:26,874 - watchfiles.main - INFO - 1 change detected
2026-01-20 23:37:27,257 - watchfiles.main - INFO - 1 change detected
2026-01-20 23:37:27,287 - watchfiles.main - INFO - 1 change detected
2026-01-20 23:37:27,671 - watchfiles.main - INFO - 1 change detected
2026-01-20 23:37:27,688 - watchfiles.main - INFO - 1 change detected
2026-01-20 23:37:28,054 - watchfiles.main - INFO - 1 change detected
2026-01-20 23:37:28,074 - watchfiles.main - INFO - 1 change detected
2026-01-20 23:37:28,475 - watchfiles.main - INFO - 1 change detected
2026-01-20 23:37:28,492 - watchfiles.main - INFO - 1 change detected
2026-01-20 23:37:28,858 - watchfiles.main - INFO - 1 change detected
2026-01-20 23:37:28,892 - watchfiles.main - INFO - 1 change detected
2026-01-20 23:37:29,271 - watchfiles.main - INFO - 1 change detected
2026-01-20 23:37:29,304 - watchfiles.main - INFO - 1 change detected
2026-01-20 23:37:29,658 - watchfiles.main - INFO - 1 change detected
2026-01-20 23:37:29,741 - watchfiles.main - INFO - 2 changes detected
2026-01-20 23:37:29,932 - __main__ - INFO - Serving HTTP on :: port 8001 (http://[::]:8001/) ...
2026-01-20 23:37:29,933 - __main__ - INFO - 
2026-01-20 23:37:29,934 - __main__ - INFO - Keyboard interrupt received, exiting.
2026-01-20 23:37:30,044 - watchfiles.main - INFO - 2 changes detected
2026-01-20 23:37:30,120 - __main__ - ERROR - Application error: <class 'OSError'> returned a result with an exception set
2026-01-20 23:37:30,881 - watchfiles.main - INFO - 2 changes detected
2026-01-20 23:37:31,506 - watchfiles.main - INFO - 1 change detected
2026-01-20 23:37:32,930 - watchfiles.main - INFO - 6 changes detected
2026-01-20 23:37:33,336 - watchfiles.main - INFO - 1 change detected
2026-01-20 23:37:33,747 - watchfiles.main - INFO - 1 change detected
2026-01-20 23:37:34,155 - watchfiles.main - INFO - 1 change detected
2026-01-20 23:37:34,572 - watchfiles.main - INFO - 1 change detected
2026-01-20 23:37:35,033 - watchfiles.main - INFO - 1 change detected
2026-01-20 23:37:35,396 - watchfiles.main - INFO - 1 change detected
2026-01-20 23:37:35,806 - watchfiles.main - INFO - 1 change detected
2026-01-20 23:37:36,263 - watchfiles.main - INFO - 1 change detected
2026-01-20 23:37:36,668 - watchfiles.main - INFO - 1 change detected
2026-01-20 23:37:37,072 - watchfiles.main - INFO - 1 change detected
2026-01-20 23:37:37,476 - watchfiles.main - INFO - 1 change detected
2026-01-20 23:37:37,930 - watchfiles.main - INFO - 1 change detected
2026-01-20 23:37:55,210 - __main__ - INFO - Starting frontend development server...
2026-01-20 23:37:55,223 - __main__ - INFO - Application starting...
2026-01-20 23:41:38,702 - __main__ - INFO - Starting frontend development server...
2026-01-20 23:41:38,761 - __main__ - INFO - Storybook Adventure Chat API starting...
2026-01-20 23:41:38,762 - __main__ - INFO - API Documentation: http://localhost:8000/docs
2026-01-20 23:41:38,763 - __main__ - INFO - Frontend: http://localhost:8000
2026-01-20 23:44:23,812 - __main__ - INFO - Starting frontend development server...
2026-01-20 23:44:23,838 - __main__ - INFO - Storybook Adventure Chat API starting...
2026-01-20 23:44:23,839 - __main__ - INFO - API Documentation: http://localhost:8000/docs
2026-01-20 23:44:23,839 - __main__ - INFO - Frontend: http://localhost:8000
2026-01-20 23:46:23,011 - __main__ - INFO - Serving HTTP on :: port 8001 (http://[::]:8001/) ...
2026-01-20 23:46:23,013 - __main__ - INFO - 
2026-01-20 23:46:23,014 - __main__ - INFO - Keyboard interrupt received, exiting.
2026-01-20 23:46:28,710 - __main__ - INFO - Starting frontend development server...
2026-01-20 23:46:28,720 - __main__ - INFO - Storybook Adventure Chat API starting...
2026-01-20 23:46:28,721 - __main__ - INFO - API Documentation: http://localhost:8000/docs
2026-01-20 23:46:28,721 - __main__ - INFO - Frontend: http://localhost:8000
2026-01-20 23:47:33,749 - __main__ - INFO - Serving HTTP on :: port 8001 (http://[::]:8001/) ...
2026-01-20 23:47:33,800 - __main__ - INFO - 
2026-01-20 23:47:33,801 - __main__ - INFO - Keyboard interrupt received, exiting.
2026-01-20 23:51:26,454 - __main__ - INFO - Starting frontend development server...
2026-01-20 23:51:26,485 - __main__ - INFO - Storybook Adventure Chat API starting...
2026-01-20 23:51:26,489 - __main__ - INFO - API Documentation: http://localhost:8000/docs
2026-01-20 23:51:26,495 - __main__ - INFO - Frontend: http://localhost:8000
2026-01-20 23:58:14,404 - __main__ - INFO - Starting frontend development server...
2026-01-20 23:58:14,420 - __main__ - INFO - Storybook Adventure Chat API starting...
2026-01-20 23:58:14,420 - __main__ - INFO - API Documentation: http://localhost:8000/docs
2026-01-20 23:58:14,423 - __main__ - INFO - Frontend: http://localhost:8000
2026-01-20 23:59:55,734 - __main__ - INFO - Starting frontend development server...
2026-01-20 23:59:55,746 - __main__ - INFO - Storybook Adventure Chat API starting...
2026-01-20 23:59:55,748 - __main__ - INFO - API Documentation: http://localhost:8000/docs
2026-01-20 23:59:55,748 - __main__ - INFO - Frontend: http://localhost:8000
2026-01-21 00:01:51,696 - __main__ - INFO - Starting frontend development server...
2026-01-21 00:01:51,709 - __main__ - INFO - Storybook Adventure Chat API starting...
2026-01-21 00:01:51,709 - __main__ - INFO - API Documentation: http://localhost:8000/docs
2026-01-21 00:01:51,709 - __main__ - INFO - Frontend: http://localhost:8000
2026-01-21 00:03:53,254 - __main__ - INFO - Serving HTTP on :: port 8001 (http://[::]:8001/) ...
2026-01-21 00:03:53,256 - __main__ - INFO - 
2026-01-21 00:03:53,257 - __main__ - INFO - Keyboard interrupt received, exiting.
2026-01-21 00:05:41,312 - __main__ - INFO - Starting frontend development server...
2026-01-21 00:05:41,327 - __main__ - INFO - Storybook Adventure Chat API starting...
2026-01-21 00:05:41,327 - __main__ - INFO - API Documentation: http://localhost:8000/docs
2026-01-21 00:05:41,330 - __main__ - INFO - Frontend: http://localhost:8000
2026-01-21 00:08:09,831 - __main__ - INFO - Serving HTTP on :: port 8001 (http://[::]:8001/) ...
2026-01-21 00:08:09,833 - __main__ - INFO - 
2026-01-21 00:08:09,835 - __main__ - INFO - Keyboard interrupt received, exiting.
2026-01-21 00:09:05,203 - __main__ - INFO - Starting frontend development server...
2026-01-21 00:09:05,367 - __main__ - INFO - Storybook Adventure Chat API starting...
2026-01-21 00:09:05,367 - __main__ - INFO - API Documentation: http://localhost:8000/docs
2026-01-21 00:09:05,369 - __main__ - INFO - Frontend: http://localhost:8000
2026-01-21 00:09:59,528 - __main__ - INFO - Serving HTTP on :: port 8001 (http://[::]:8001/) ...
2026-01-21 00:09:59,531 - __main__ - INFO - 
2026-01-21 00:09:59,532 - __main__ - INFO - Keyboard interrupt received, exiting.
